[2025-05-27 21:11:59] [INFO] 开始语音卡顿快速修复...
[2025-05-27 21:11:59] [WARNING] 检测到多个设备: ['SOZ95PIFVS5H6PIZ', 'emulator-5554']
[2025-05-27 21:11:59] [INFO] 使用设备: SOZ95PIFVS5H6PIZ
[2025-05-27 21:11:59] [INFO] 步骤1/5: 强制重启应用
[2025-05-27 21:11:59] [INFO] 正在强制停止应用...
[2025-05-27 21:12:01] [SUCCESS] 应用已强制停止
[2025-05-27 21:12:03] [INFO] 清理应用缓存...
[2025-05-27 21:12:05] [INFO] 重新启动应用...
[2025-05-27 21:12:07] [SUCCESS] 应用已重新启动
[2025-05-27 21:12:12] [INFO] 步骤2/5: 清理音频缓存
[2025-05-27 21:12:12] [INFO] 清理音频缓存和日志...
[2025-05-27 21:12:12] [SUCCESS] 日志缓冲区已清理
[2025-05-27 21:12:13] [SUCCESS] 已触发垃圾回收
[2025-05-27 21:12:13] [INFO] 步骤3/5: 优化音频设置
[2025-05-27 21:12:13] [INFO] 优化音频设置...
[2025-05-27 21:12:14] [SUCCESS] 音频设置已优化
[2025-05-27 21:12:14] [INFO] 步骤4/5: 检查内存压力
[2025-05-27 21:12:14] [INFO] 检查内存使用情况...
[2025-05-27 21:12:14] [INFO] 内存使用率: 51.2%
[2025-05-27 21:12:14] [SUCCESS] 内存使用正常
[2025-05-27 21:12:14] [INFO] 步骤5/5: 验证音频权限
[2025-05-27 21:12:14] [INFO] 验证音频权限...
[2025-05-27 21:12:15] [SUCCESS] 录音权限正常
[2025-05-27 21:12:18] [INFO] 监控修复效果（60秒）...
[2025-05-27 21:12:48] [INFO] 监控进度: 30s - 音频活动:314, TTS:1, 错误:0
[2025-05-27 21:12:48] [INFO] 监控进度: 30s - 音频活动:315, TTS:1, 错误:0
[2025-05-27 21:12:48] [INFO] 监控进度: 30s - 音频活动:315, TTS:1, 错误:0
[2025-05-27 21:12:48] [INFO] 监控进度: 30s - 音频活动:316, TTS:1, 错误:0
[2025-05-27 21:12:48] [INFO] 监控进度: 30s - 音频活动:316, TTS:1, 错误:0
[2025-05-27 21:13:47] [INFO] 修复效果评估:
[2025-05-27 21:13:47] [INFO]   音频活动次数: 323
[2025-05-27 21:13:47] [INFO]   TTS播放次数: 1
[2025-05-27 21:13:47] [INFO]   错误次数: 1
[2025-05-27 21:13:47] [SUCCESS] 修复效果良好，语音交互恢复正常
[2025-05-27 21:13:47] [INFO] 修复报告已生成: quick_fix_report_20250527_211347.md
